<?xml version="1.0" encoding="UTF-8" ?>
<testsuite tests="41" failures="0" name="hr.fer.oprpp1.custom.collections.LinkedListIndexedCollectionTest" time="0.009" errors="0" skipped="0">
  <properties>
[...]
</properties>
  <testcase classname="hr.fer.oprpp1.custom.collections.LinkedListIndexedCollectionTest" name="testIndexOfFirstOccuranceInList" time="0.003"/>
  <testcase classname="hr.fer.oprpp1.custom.collections.LinkedListIndexedCollectionTest" name="testClearListSize" time="0"/>
  <testcase classname="hr.fer.oprpp1.custom.collections.LinkedListIndexedCollectionTest" name="testRemoveElementFromListToBeEmpty" time="0"/>
  <testcase classname="hr.fer.oprpp1.custom.collections.LinkedListIndexedCollectionTest" name="testContainsElement" time="0"/>
  <testcase classname="hr.fer.oprpp1.custom.collections.LinkedListIndexedCollectionTest" name="testGetLastElement" time="0"/>
  <testcase classname="hr.fer.oprpp1.custom.collections.LinkedListIndexedCollectionTest" name="testToArray" time="0.001"/>
  <testcase classname="hr.fer.oprpp1.custom.collections.LinkedListIndexedCollectionTest" name="testConstructorPassNullCollectionException" time="0"/>
  <testcase classname="hr.fer.oprpp1.custom.collections.LinkedListIndexedCollectionTest" name="testInsertTooGreatIndexException" time="0"/>
  <testcase classname="hr.fer.oprpp1.custom.collections.LinkedListIndexedCollectionTest" name="testAddAllNullCollectionException" time="0"/>
  <testcase classname="hr.fer.oprpp1.custom.collections.LinkedListIndexedCollectionTest" name="testRemoveAtNullListException" time="0"/>
  <testcase classname="hr.fer.oprpp1.custom.collections.LinkedListIndexedCollectionTest" name="testDoesntContainNullInEmptyList" time="0"/>
  <testcase classname="hr.fer.oprpp1.custom.collections.LinkedListIndexedCollectionTest" name="testRemoveAtEnd" time="0"/>
  <testcase classname="hr.fer.oprpp1.custom.collections.LinkedListIndexedCollectionTest" name="testGetElementTooGreatIndexException" time="0"/>
  <testcase classname="hr.fer.oprpp1.custom.collections.LinkedListIndexedCollectionTest" name="testRemoveNullFromNullList" time="0"/>
  <testcase classname="hr.fer.oprpp1.custom.collections.LinkedListIndexedCollectionTest" name="testClearList" time="0"/>
  <testcase classname="hr.fer.oprpp1.custom.collections.LinkedListIndexedCollectionTest" name="testInsertNullException" time="0.001"/>
  <testcase classname="hr.fer.oprpp1.custom.collections.LinkedListIndexedCollectionTest" name="testIndexOfNullList" time="0"/>
  <testcase classname="hr.fer.oprpp1.custom.collections.LinkedListIndexedCollectionTest" name="testGetFirstElement" time="0"/>
  <testcase classname="hr.fer.oprpp1.custom.collections.LinkedListIndexedCollectionTest" name="testInsertAtEndOfList" time="0"/>
  <testcase classname="hr.fer.oprpp1.custom.collections.LinkedListIndexedCollectionTest" name="testRemoveAtOnlyElement" time="0"/>
  <testcase classname="hr.fer.oprpp1.custom.collections.LinkedListIndexedCollectionTest" name="testClearRemoveNull" time="0.001"/>
  <testcase classname="hr.fer.oprpp1.custom.collections.LinkedListIndexedCollectionTest" name="testRemoveAt" time="0"/>
  <testcase classname="hr.fer.oprpp1.custom.collections.LinkedListIndexedCollectionTest" name="testDoesntContainElement" time="0"/>
  <testcase classname="hr.fer.oprpp1.custom.collections.LinkedListIndexedCollectionTest" name="testConstructorPassCollection" time="0"/>
  <testcase classname="hr.fer.oprpp1.custom.collections.LinkedListIndexedCollectionTest" name="testInsertTooSmallIndexException" time="0.001"/>
  <testcase classname="hr.fer.oprpp1.custom.collections.LinkedListIndexedCollectionTest" name="testClearRemoveException" time="0"/>
  <testcase classname="hr.fer.oprpp1.custom.collections.LinkedListIndexedCollectionTest" name="testAddNullValueException" time="0"/>
  <testcase classname="hr.fer.oprpp1.custom.collections.LinkedListIndexedCollectionTest" name="testRemoveAtIndexUnderListBoundException" time="0"/>
  <testcase classname="hr.fer.oprpp1.custom.collections.LinkedListIndexedCollectionTest" name="testInsertAtBeginningOfList" time="0.001"/>
  <testcase classname="hr.fer.oprpp1.custom.collections.LinkedListIndexedCollectionTest" name="testGetElementTooSmallIndexException" time="0"/>
  <testcase classname="hr.fer.oprpp1.custom.collections.LinkedListIndexedCollectionTest" name="testRemoveAtBeginning" time="0"/>
  <testcase classname="hr.fer.oprpp1.custom.collections.LinkedListIndexedCollectionTest" name="testSizeOfList" time="0"/>
  <testcase classname="hr.fer.oprpp1.custom.collections.LinkedListIndexedCollectionTest" name="testRemoveAtIndexOverListBoundException" time="0.001"/>
  <testcase classname="hr.fer.oprpp1.custom.collections.LinkedListIndexedCollectionTest" name="testAddAllToListWithValues" time="0"/>
  <testcase classname="hr.fer.oprpp1.custom.collections.LinkedListIndexedCollectionTest" name="testRemoveElement" time="0"/>
  <testcase classname="hr.fer.oprpp1.custom.collections.LinkedListIndexedCollectionTest" name="testAddAllNullCollectionToListWithValuesException" time="0"/>
  <testcase classname="hr.fer.oprpp1.custom.collections.LinkedListIndexedCollectionTest" name="testAddAllToEmptyList" time="0"/>
  <testcase classname="hr.fer.oprpp1.custom.collections.LinkedListIndexedCollectionTest" name="testIndexOfNullInClearedList" time="0"/>
  <testcase classname="hr.fer.oprpp1.custom.collections.LinkedListIndexedCollectionTest" name="testIndexOfFirstElement" time="0"/>
  <testcase classname="hr.fer.oprpp1.custom.collections.LinkedListIndexedCollectionTest" name="testIndexOfLastElement" time="0"/>
  <testcase classname="hr.fer.oprpp1.custom.collections.LinkedListIndexedCollectionTest" name="testDefaultConstructor" time="0"/>
</testsuite>